<?xml version="1.0" encoding="UTF-8"?>
<!-- Generated by org.testng.reporters.JUnitReportReporter -->
<testsuite hostname="JayU31" name="amazon.HomePage" tests="2" failures="0" timestamp="16 May 2018 22:54:04 GMT" time="42.350" errors="0">
  <testcase name="basePageNavigation" time="6.220" classname="amazon.HomePage"/>
  <testcase name="basePageNavigation" time="36.130" classname="amazon.HomePage"/>
</testsuite> <!-- amazon.HomePage -->
